Build started 7/20/2015 8:32:39 PM.
     1>Project "C:\Users\Val\Documents\GitHub\bullet3Experiments\build3\vs2010\App_ExampleBrowser.vcxproj" on node 2 (Build target(s)).
     1>Project "C:\Users\Val\Documents\GitHub\bullet3Experiments\build3\vs2010\App_ExampleBrowser.vcxproj" (1) is building "C:\Users\Val\Documents\GitHub\bullet3Experiments\VHACD\VHACD\VHACD.vcxproj" (2:3) on node 2 (GetResolvedLinkLibs target(s)).
     2>C:\Program Files (x86)\MSBuild\Microsoft.Cpp\v4.0\V120\Microsoft.CppBuild.targets(357,5): warning MSB8004: Output Directory does not end with a trailing slash.  This build instance will add the slash as it is required to allow proper evaluation of the Output Directory.
     2>Done Building Project "C:\Users\Val\Documents\GitHub\bullet3Experiments\VHACD\VHACD\VHACD.vcxproj" (GetResolvedLinkLibs target(s)).
     1>Link:
         C:\Program Files (x86)\Microsoft Visual Studio 12.0\VC\bin\link.exe /ERRORREPORT:PROMPT /OUT:"..\..\bin\App_ExampleBrowser_vs2010_debug.exe" /INCREMENTAL /NOLOGO ..\..\bin\gwen_vs2010_debug.lib ..\..\bin\OpenGL_Window_vs2010_debug.lib ..\..\lib\BulletSoftBody_vs2010_debug.lib ..\..\bin\BulletDynamics_vs2010_debug.lib ..\..\bin\BulletCollision_vs2010_debug.lib ..\..\bin\LinearMath_vs2010_debug.lib ..\..\bin\Bullet3Common_vs2010_debug.lib opengl32.lib glu32.lib ..\..\lib\Bullet3OpenCL_clew_vs2010_debug.lib ..\..\bin\Bullet3Dynamics_vs2010_debug.lib ..\..\bin\Bullet3Collision_vs2010_debug.lib ..\..\bin\Bullet3Geometry_vs2010_debug.lib ..\..\bin\VHACD_dbg.lib kernel32.lib user32.lib gdi32.lib winspool.lib comdlg32.lib advapi32.lib shell32.lib ole32.lib oleaut32.lib uuid.lib odbc32.lib odbccp32.lib /MANIFEST /MANIFESTUAC:"level='asInvoker' uiAccess='false'" /manifest:embed /DEBUG /PDB:"..\..\bin\App_ExampleBrowser_vs2010_debug.pdb" /SUBSYSTEM:CONSOLE /TLBID:1 /ENTRY:"mainCRTStartup" /DYNAMICBASE /NXCOMPAT /IMPLIB:"..\..\bin\App_ExampleBrowser_vs2010_debug.lib" /MACHINE:X86 obj\x32\Debug\App_ExampleBrowser\cd_wavefront.obj
         obj\x32\Debug\App_ExampleBrowser\float_math.obj
         obj\x32\Debug\App_ExampleBrowser\VHACDDemo.obj
         obj\x32\Debug\App_ExampleBrowser\clew.obj
         obj\x32\Debug\App_ExampleBrowser\glew.obj
         obj\x32\Debug\App_ExampleBrowser\ExampleEntries.obj
         obj\x32\Debug\App_ExampleBrowser\GL_ShapeDrawer.obj
         obj\x32\Debug\App_ExampleBrowser\main.obj
         obj\x32\Debug\App_ExampleBrowser\OpenGLExampleBrowser.obj
         obj\x32\Debug\App_ExampleBrowser\OpenGLGuiHelper.obj
         obj\x32\Debug\App_ExampleBrowser\GraphingTexture.obj
         obj\x32\Debug\App_ExampleBrowser\GwenParameterInterface.obj
         obj\x32\Debug\App_ExampleBrowser\GwenProfileWindow.obj
         obj\x32\Debug\App_ExampleBrowser\GwenTextureWindow.obj
         obj\x32\Debug\App_ExampleBrowser\gwenUserInterface.obj
         obj\x32\Debug\App_ExampleBrowser\BasicExample.obj
         obj\x32\Debug\App_ExampleBrowser\BenchmarkDemo.obj
         obj\x32\Debug\App_ExampleBrowser\ForkLiftDemo.obj
         obj\x32\Debug\App_ExampleBrowser\BspConverter.obj
         obj\x32\Debug\App_ExampleBrowser\BspLoader.obj
         obj\x32\Debug\App_ExampleBrowser\ImportBspExample.obj
         obj\x32\Debug\App_ExampleBrowser\SerializeSetup.obj
         obj\x32\Debug\App_ExampleBrowser\ImportColladaSetup.obj
         obj\x32\Debug\App_ExampleBrowser\LoadMeshFromCollada.obj
         obj\x32\Debug\App_ExampleBrowser\ImportObjExample.obj
         obj\x32\Debug\App_ExampleBrowser\LoadMeshFromObj.obj
         obj\x32\Debug\App_ExampleBrowser\Wavefront2GLInstanceGraphicsShape.obj
         obj\x32\Debug\App_ExampleBrowser\ImportSTLSetup.obj
         obj\x32\Debug\App_ExampleBrowser\ImportURDFSetup.obj
         obj\x32\Debug\App_ExampleBrowser\MyMultiBodyCreator.obj
         obj\x32\Debug\App_ExampleBrowser\MyURDFImporter.obj
         obj\x32\Debug\App_ExampleBrowser\URDF2Bullet.obj
         obj\x32\Debug\App_ExampleBrowser\btBulletWorldImporter.obj
         obj\x32\Debug\App_ExampleBrowser\btWorldImporter.obj
         obj\x32\Debug\App_ExampleBrowser\bChunk.obj
         obj\x32\Debug\App_ExampleBrowser\bDNA.obj
         obj\x32\Debug\App_ExampleBrowser\bFile.obj
         obj\x32\Debug\App_ExampleBrowser\btBulletFile.obj
         obj\x32\Debug\App_ExampleBrowser\Planar2D.obj
         obj\x32\Debug\App_ExampleBrowser\CoordinateSystemDemo.obj
         obj\x32\Debug\App_ExampleBrowser\RaytracerSetup.obj
         obj\x32\Debug\App_ExampleBrowser\RenderInstancingDemo.obj
         obj\x32\Debug\App_ExampleBrowser\btConvexConvexMprAlgorithm.obj
         obj\x32\Debug\App_ExampleBrowser\VoronoiFractureDemo.obj
         obj\x32\Debug\App_ExampleBrowser\SoftDemo.obj
         obj\x32\Debug\App_ExampleBrowser\RollingFrictionDemo.obj
         obj\x32\Debug\App_ExampleBrowser\btFractureBody.obj
         obj\x32\Debug\App_ExampleBrowser\btFractureDynamicsWorld.obj
         obj\x32\Debug\App_ExampleBrowser\FractureDemo.obj
         obj\x32\Debug\App_ExampleBrowser\MotorDemo.obj
         obj\x32\Debug\App_ExampleBrowser\ConstraintDemo.obj
         obj\x32\Debug\App_ExampleBrowser\ConstraintPhysicsSetup.obj
         obj\x32\Debug\App_ExampleBrowser\Dof6Spring2Setup.obj
         obj\x32\Debug\App_ExampleBrowser\Hinge2Vehicle.obj
         obj\x32\Debug\App_ExampleBrowser\RaytestDemo.obj
         obj\x32\Debug\App_ExampleBrowser\MultiDofDemo.obj
         obj\x32\Debug\App_ExampleBrowser\TestJointTorqueSetup.obj
         obj\x32\Debug\App_ExampleBrowser\stb_image.obj
         obj\x32\Debug\App_ExampleBrowser\tiny_obj_loader.obj
         obj\x32\Debug\App_ExampleBrowser\tinystr.obj
         obj\x32\Debug\App_ExampleBrowser\tinyxml.obj
         obj\x32\Debug\App_ExampleBrowser\tinyxmlerror.obj
         obj\x32\Debug\App_ExampleBrowser\tinyxmlparser.obj
         obj\x32\Debug\App_ExampleBrowser\b3Clock.obj
         obj\x32\Debug\App_ExampleBrowser\GyroscopicSetup.obj
         obj\x32\Debug\App_ExampleBrowser\pose.obj
         obj\x32\Debug\App_ExampleBrowser\model.obj
         obj\x32\Debug\App_ExampleBrowser\link.obj
         obj\x32\Debug\App_ExampleBrowser\joint.obj
         obj\x32\Debug\App_ExampleBrowser\printf_console.obj
         obj\x32\Debug\App_ExampleBrowser\string_split.obj
         obj\x32\Debug\App_ExampleBrowser\PairBench.obj
         obj\x32\Debug\App_ExampleBrowser\GpuConvexScene.obj
         obj\x32\Debug\App_ExampleBrowser\GpuRigidBodyDemo.obj
         C:\Users\Val\Documents\GitHub\bullet3Experiments\bin\VHACD_dbg.lib
         App_ExampleBrowser.vcxproj -> C:\Users\Val\Documents\GitHub\bullet3Experiments\build3\vs2010\..\..\bin\App_ExampleBrowser_vs2010_debug.exe
     1>Done Building Project "C:\Users\Val\Documents\GitHub\bullet3Experiments\build3\vs2010\App_ExampleBrowser.vcxproj" (Build target(s)).

Build succeeded.

Time Elapsed 00:00:02.27
