Build started 5/10/2015 2:55:09 PM.
     1>Project "D:\bullet3-master\build3\vs2010\Bullet3Common.vcxproj" on node 7 (build target(s)).
     1>InitializeBuildStatus:
         Creating "obj\x32\Release\Bullet3Common\Bullet3Common.unsuccessfulbuild" because "AlwaysCreate" was specified.
       ClCompile:
         C:\Program Files (x86)\Microsoft Visual Studio 10.0\VC\bin\CL.exe /c /I..\..\src /nologo /W3 /WX- /Ox /Oy- /GF /Gm- /EHsc /MT /GS /Gy /arch:SSE2 /fp:fast /Zc:wchar_t /Zc:forScope /Fo"obj\x32\Release\Bullet3Common\\" /Fd"obj\x32\Release\Bullet3Common\vc100.pdb" /Gd /TP /analyze- /errorReport:prompt ..\..\src\Bullet3Common\b3AlignedAllocator.cpp ..\..\src\Bullet3Common\b3Logging.cpp ..\..\src\Bullet3Common\b3Vector3.cpp /MP 
         b3AlignedAllocator.cpp
         b3Logging.cpp
         b3Vector3.cpp
       Lib:
         C:\Program Files (x86)\Microsoft Visual Studio 10.0\VC\bin\Lib.exe /OUT:"..\..\bin\Bullet3Common_vs2010.lib" /NOLOGO /MACHINE:X86 obj\x32\Release\Bullet3Common\b3AlignedAllocator.obj
         obj\x32\Release\Bullet3Common\b3Logging.obj
         obj\x32\Release\Bullet3Common\b3Vector3.obj
         Bullet3Common.vcxproj -> D:\bullet3-master\build3\vs2010\..\..\bin\Bullet3Common_vs2010.lib
       FinalizeBuildStatus:
         Deleting file "obj\x32\Release\Bullet3Common\Bullet3Common.unsuccessfulbuild".
         Touching "obj\x32\Release\Bullet3Common\Bullet3Common.lastbuildstate".
     1>Done Building Project "D:\bullet3-master\build3\vs2010\Bullet3Common.vcxproj" (build target(s)).

Build succeeded.

Time Elapsed 00:00:05.55
