Build started 5/10/2015 2:55:18 PM.
     1>Project "D:\bullet3-master\build3\vs2010\OpenGL_Window.vcxproj" on node 6 (build target(s)).
     1>InitializeBuildStatus:
         Creating "obj\x32\Release\OpenGL_Window\OpenGL_Window.unsuccessfulbuild" because "AlwaysCreate" was specified.
       ClCompile:
         C:\Program Files (x86)\Microsoft Visual Studio 10.0\VC\bin\CL.exe /c /I..\..\examples\ThirdPartyLibs\Glew /I..\..\src /nologo /W3 /WX- /Ox /Oy- /D GLEW_STATIC /D _MBCS /GF /Gm- /EHsc /MT /GS /Gy /arch:SSE2 /fp:fast /Zc:wchar_t /Zc:forScope /Fo"obj\x32\Release\OpenGL_Window\\" /Fd"obj\x32\Release\OpenGL_Window\vc100.pdb" /Gd /TC /analyze- /errorReport:prompt ..\..\examples\ThirdPartyLibs\Glew\glew.c /MP 
         glew.c
         C:\Program Files (x86)\Microsoft Visual Studio 10.0\VC\bin\CL.exe /c /I..\..\examples\ThirdPartyLibs\Glew /I..\..\src /nologo /W3 /WX- /Ox /Oy- /D GLEW_STATIC /D _MBCS /GF /Gm- /EHsc /MT /GS /Gy /arch:SSE2 /fp:fast /Zc:wchar_t /Zc:forScope /Fo"obj\x32\Release\OpenGL_Window\\" /Fd"obj\x32\Release\OpenGL_Window\vc100.pdb" /Gd /TP /analyze- /errorReport:prompt ..\..\examples\OpenGLWindow\fontstash.cpp ..\..\examples\OpenGLWindow\GLInstancingRenderer.cpp ..\..\examples\OpenGLWindow\GLPrimitiveRenderer.cpp ..\..\examples\OpenGLWindow\GLRenderToTexture.cpp ..\..\examples\OpenGLWindow\LoadShader.cpp ..\..\examples\OpenGLWindow\opengl_fontstashcallbacks.cpp ..\..\examples\OpenGLWindow\OpenSans.cpp ..\..\examples\OpenGLWindow\SimpleCamera.cpp ..\..\examples\OpenGLWindow\SimpleOpenGL2App.cpp ..\..\examples\OpenGLWindow\SimpleOpenGL2Renderer.cpp ..\..\examples\OpenGLWindow\SimpleOpenGL3App.cpp ..\..\examples\OpenGLWindow\TwFonts.cpp ..\..\examples\OpenGLWindow\Win32OpenGLWindow.cpp ..\..\examples\OpenGLWindow\Win32Window.cpp /MP 
         fontstash.cpp
         GLInstancingRenderer.cpp
         GLPrimitiveRenderer.cpp
         GLRenderToTexture.cpp
         LoadShader.cpp
         opengl_fontstashcallbacks.cpp
         OpenSans.cpp
         SimpleCamera.cpp
     1>..\..\examples\OpenGLWindow\GLPrimitiveRenderer.cpp(315): warning C4800: 'int' : forcing value to bool 'true' or 'false' (performance warning)
         SimpleOpenGL2App.cpp
         SimpleOpenGL2Renderer.cpp
         SimpleOpenGL3App.cpp
     1>d:\bullet3-master\examples\openglwindow\stb_image_write.h(156): warning C4996: 'fopen': This function or variable may be unsafe. Consider using fopen_s instead. To disable deprecation, use _CRT_SECURE_NO_WARNINGS. See online help for details.
                 C:\Program Files (x86)\Microsoft Visual Studio 10.0\VC\include\stdio.h(234) : see declaration of 'fopen'
     1>d:\bullet3-master\examples\openglwindow\stb_image_write.h(495): warning C4996: 'fopen': This function or variable may be unsafe. Consider using fopen_s instead. To disable deprecation, use _CRT_SECURE_NO_WARNINGS. See online help for details.
                 C:\Program Files (x86)\Microsoft Visual Studio 10.0\VC\include\stdio.h(234) : see declaration of 'fopen'
         TwFonts.cpp
         Win32OpenGLWindow.cpp
         Win32Window.cpp
     1>..\..\examples\OpenGLWindow\fontstash.cpp(225): warning C4996: 'fopen': This function or variable may be unsafe. Consider using fopen_s instead. To disable deprecation, use _CRT_SECURE_NO_WARNINGS. See online help for details.
                 C:\Program Files (x86)\Microsoft Visual Studio 10.0\VC\include\stdio.h(234) : see declaration of 'fopen'
     1>..\..\examples\OpenGLWindow\Win32Window.cpp(272): warning C4244: 'argument' : conversion from 'int' to 'float', possible loss of data
     1>..\..\examples\OpenGLWindow\Win32Window.cpp(272): warning C4244: 'argument' : conversion from 'int' to 'float', possible loss of data
     1>..\..\examples\OpenGLWindow\Win32Window.cpp(286): warning C4244: 'argument' : conversion from 'int' to 'float', possible loss of data
     1>..\..\examples\OpenGLWindow\Win32Window.cpp(286): warning C4244: 'argument' : conversion from 'int' to 'float', possible loss of data
     1>..\..\examples\OpenGLWindow\Win32Window.cpp(302): warning C4244: 'argument' : conversion from 'int' to 'float', possible loss of data
     1>..\..\examples\OpenGLWindow\Win32Window.cpp(302): warning C4244: 'argument' : conversion from 'int' to 'float', possible loss of data
     1>..\..\examples\OpenGLWindow\Win32Window.cpp(319): warning C4244: 'argument' : conversion from 'int' to 'float', possible loss of data
     1>..\..\examples\OpenGLWindow\Win32Window.cpp(319): warning C4244: 'argument' : conversion from 'int' to 'float', possible loss of data
     1>..\..\examples\OpenGLWindow\Win32Window.cpp(357): warning C4244: 'argument' : conversion from 'int' to 'float', possible loss of data
     1>..\..\examples\OpenGLWindow\Win32Window.cpp(357): warning C4244: 'argument' : conversion from 'int' to 'float', possible loss of data
     1>..\..\examples\OpenGLWindow\Win32Window.cpp(368): warning C4244: 'argument' : conversion from 'int' to 'float', possible loss of data
     1>..\..\examples\OpenGLWindow\Win32Window.cpp(368): warning C4244: 'argument' : conversion from 'int' to 'float', possible loss of data
     1>..\..\examples\OpenGLWindow\Win32Window.cpp(379): warning C4244: 'argument' : conversion from 'int' to 'float', possible loss of data
     1>..\..\examples\OpenGLWindow\Win32Window.cpp(379): warning C4244: 'argument' : conversion from 'int' to 'float', possible loss of data
     1>..\..\examples\OpenGLWindow\Win32Window.cpp(411): warning C4244: 'argument' : conversion from 'int' to 'float', possible loss of data
     1>..\..\examples\OpenGLWindow\Win32Window.cpp(411): warning C4244: 'argument' : conversion from 'int' to 'float', possible loss of data
     1>..\..\examples\OpenGLWindow\Win32Window.cpp(778): warning C4244: 'argument' : conversion from 'int' to 'float', possible loss of data
     1>..\..\examples\OpenGLWindow\Win32Window.cpp(778): warning C4244: 'argument' : conversion from 'int' to 'float', possible loss of data
     1>..\..\examples\OpenGLWindow\SimpleOpenGL3App.cpp(713): warning C4996: 'sprintf': This function or variable may be unsafe. Consider using sprintf_s instead. To disable deprecation, use _CRT_SECURE_NO_WARNINGS. See online help for details.
                 C:\Program Files (x86)\Microsoft Visual Studio 10.0\VC\include\stdio.h(371) : see declaration of 'sprintf'
       Lib:
         C:\Program Files (x86)\Microsoft Visual Studio 10.0\VC\bin\Lib.exe /OUT:"..\..\bin\OpenGL_Window_vs2010.lib" /NOLOGO /MACHINE:X86 obj\x32\Release\OpenGL_Window\glew.obj
         obj\x32\Release\OpenGL_Window\fontstash.obj
         obj\x32\Release\OpenGL_Window\GLInstancingRenderer.obj
         obj\x32\Release\OpenGL_Window\GLPrimitiveRenderer.obj
         obj\x32\Release\OpenGL_Window\GLRenderToTexture.obj
         obj\x32\Release\OpenGL_Window\LoadShader.obj
         obj\x32\Release\OpenGL_Window\opengl_fontstashcallbacks.obj
         obj\x32\Release\OpenGL_Window\OpenSans.obj
         obj\x32\Release\OpenGL_Window\SimpleCamera.obj
         obj\x32\Release\OpenGL_Window\SimpleOpenGL2App.obj
         obj\x32\Release\OpenGL_Window\SimpleOpenGL2Renderer.obj
         obj\x32\Release\OpenGL_Window\SimpleOpenGL3App.obj
         obj\x32\Release\OpenGL_Window\TwFonts.obj
         obj\x32\Release\OpenGL_Window\Win32OpenGLWindow.obj
         obj\x32\Release\OpenGL_Window\Win32Window.obj
         OpenGL_Window.vcxproj -> D:\bullet3-master\build3\vs2010\..\..\bin\OpenGL_Window_vs2010.lib
       FinalizeBuildStatus:
         Deleting file "obj\x32\Release\OpenGL_Window\OpenGL_Window.unsuccessfulbuild".
         Touching "obj\x32\Release\OpenGL_Window\OpenGL_Window.lastbuildstate".
     1>Done Building Project "D:\bullet3-master\build3\vs2010\OpenGL_Window.vcxproj" (build target(s)).

Build succeeded.

Time Elapsed 00:00:21.67
