c:\users\valvador\documents\github\bullet3experiments\vhacd\vhacd\debug\vc120.pdb
c:\users\valvador\documents\github\bullet3experiments\vhacd\vhacd\debug\vc120.idb
c:\users\valvador\documents\github\bullet3experiments\vhacd\vhacd\debug\btalignedallocator.obj
c:\users\valvador\documents\github\bullet3experiments\vhacd\vhacd\debug\btconvexhullcomputer.obj
c:\users\valvador\documents\github\bullet3experiments\vhacd\vhacd\debug\stdafx.obj
c:\users\valvador\documents\github\bullet3experiments\vhacd\vhacd\debug\vhacd.obj
c:\users\valvador\documents\github\bullet3experiments\vhacd\vhacd\debug\vhacdichull.obj
c:\users\valvador\documents\github\bullet3experiments\vhacd\vhacd\debug\vhacdmanifoldmesh.obj
c:\users\valvador\documents\github\bullet3experiments\vhacd\vhacd\debug\vhacdmesh.obj
c:\users\valvador\documents\github\bullet3experiments\vhacd\vhacd\debug\vhacdvolume.obj
c:\users\valvador\documents\github\bullet3experiments\bin\vhacd_dbg.lib
c:\users\valvador\documents\github\bullet3experiments\vhacd\vhacd\debug\app.res
c:\users\valvador\documents\github\bullet3experiments\build3\vs2010\\..\..\bin\vhacd_dbg.lib
c:\users\valvador\documents\github\bullet3experiments\vhacd\vhacd\debug\vhacd.tlog\cl.command.1.tlog
c:\users\valvador\documents\github\bullet3experiments\vhacd\vhacd\debug\vhacd.tlog\cl.read.1.tlog
c:\users\valvador\documents\github\bullet3experiments\vhacd\vhacd\debug\vhacd.tlog\cl.write.1.tlog
c:\users\valvador\documents\github\bullet3experiments\vhacd\vhacd\debug\vhacd.tlog\lib-link-cvtres.read.1.tlog
c:\users\valvador\documents\github\bullet3experiments\vhacd\vhacd\debug\vhacd.tlog\lib-link-cvtres.write.1.tlog
c:\users\valvador\documents\github\bullet3experiments\vhacd\vhacd\debug\vhacd.tlog\lib.command.1.tlog
c:\users\valvador\documents\github\bullet3experiments\vhacd\vhacd\debug\vhacd.tlog\rc.command.1.tlog
c:\users\valvador\documents\github\bullet3experiments\vhacd\vhacd\debug\vhacd.tlog\rc.read.1.tlog
c:\users\valvador\documents\github\bullet3experiments\vhacd\vhacd\debug\vhacd.tlog\rc.write.1.tlog
