Build started 7/20/2015 9:04:37 PM.
     1>Project "C:\Users\Valvador\Documents\GitHub\bullet3Experiments\VHACD\VHACD\VHACD.vcxproj" on node 5 (Rebuild target(s)).
     1>C:\Program Files (x86)\MSBuild\Microsoft.Cpp\v4.0\V120\Microsoft.CppBuild.targets(364,5): warning MSB8004: Output Directory does not end with a trailing slash.  This build instance will add the slash as it is required to allow proper evaluation of the Output Directory.
     1>ClCompile:
         C:\Program Files (x86)\Microsoft Visual Studio 12.0\VC\bin\CL.exe /c /I../inc /I../public /ZI /nologo /W3 /WX- /Od /Oy- /D WIN32 /D _DEBUG /D _UNICODE /D UNICODE /Gm /EHsc /MTd /GS /fp:precise /Zc:wchar_t /Zc:forScope /Fo"Debug\\" /Fd"Debug\vc120.pdb" /Gd /TP /analyze- /errorReport:prompt ..\src\btAlignedAllocator.cpp ..\src\btConvexHullComputer.cpp ..\src\Stdafx.cpp ..\src\VHACD.cpp ..\src\vhacdICHull.cpp ..\src\vhacdManifoldMesh.cpp ..\src\vhacdMesh.cpp ..\src\vhacdVolume.cpp
         vhacdVolume.cpp
         vhacdMesh.cpp
     1>c:\users\valvador\documents\github\bullet3experiments\vhacd\src\vhacdmesh.cpp(53): warning C4018: '<' : signed/unsigned mismatch
     1>c:\users\valvador\documents\github\bullet3experiments\vhacd\src\vhacdmesh.cpp(131): warning C4018: '<' : signed/unsigned mismatch
         vhacdManifoldMesh.cpp
         vhacdICHull.cpp
         VHACD.cpp
     1>c:\users\valvador\documents\github\bullet3experiments\vhacd\inc\vhacdmutex.h(56): warning C4005: '_WIN32_WINNT' : macro redefinition
                 c:\program files (x86)\windows kits\8.1\include\shared\sdkddkver.h(200) : see previous definition of '_WIN32_WINNT'
         Stdafx.cpp
         btConvexHullComputer.cpp
         btAlignedAllocator.cpp
         Generating Code...
       ResourceCompile:
         C:\Program Files (x86)\Windows Kits\8.1\bin\x86\rc.exe /D _UNICODE /D UNICODE /l"0x0409" /nologo /fo"Debug\app.res" app.rc 
       Lib:
         C:\Program Files (x86)\Microsoft Visual Studio 12.0\VC\bin\Lib.exe /OUT:"C:\Users\Valvador\Documents\GitHub\bullet3Experiments\build3\vs2010\\..\..\bin\VHACD_dbg.lib" /NOLOGO Debug\app.res
         Debug\btAlignedAllocator.obj
         Debug\btConvexHullComputer.obj
         Debug\Stdafx.obj
         Debug\VHACD.obj
         Debug\vhacdICHull.obj
         Debug\vhacdManifoldMesh.obj
         Debug\vhacdMesh.obj
         Debug\vhacdVolume.obj
     1>LINK : warning LNK4068: /MACHINE not specified; defaulting to X86
         VHACD.vcxproj -> C:\Users\Valvador\Documents\GitHub\bullet3Experiments\build3\vs2010\\..\..\bin\VHACD_dbg.lib
     1>Done Building Project "C:\Users\Valvador\Documents\GitHub\bullet3Experiments\VHACD\VHACD\VHACD.vcxproj" (Rebuild target(s)).

Build succeeded.

Time Elapsed 00:00:02.20
