Build started 5/10/2015 5:23:23 PM.
     1>Project "D:\bullet3-master\build3\vs2010\Bullet3Common.vcxproj" on node 6 (build target(s)).
     1>InitializeBuildStatus:
         Creating "obj\x32\Debug\Bullet3Common\Bullet3Common.unsuccessfulbuild" because "AlwaysCreate" was specified.
       ClCompile:
         C:\Program Files (x86)\Microsoft Visual Studio 10.0\VC\bin\CL.exe /c /I..\..\src /Zi /nologo /W3 /WX- /Od /Oy- /D _DEBUG=1 /D _MBCS /Gm- /EHsc /RTC1 /MTd /GS /Gy /fp:fast /Zc:wchar_t /Zc:forScope /Fo"obj\x32\Debug\Bullet3Common\\" /Fd"..\..\bin\Bullet3Common_vs2010_debug.pdb" /Gd /TP /analyze- /errorReport:prompt ..\..\src\Bullet3Common\b3AlignedAllocator.cpp ..\..\src\Bullet3Common\b3Logging.cpp ..\..\src\Bullet3Common\b3Vector3.cpp /MP 
         b3AlignedAllocator.cpp
         b3Logging.cpp
         b3Vector3.cpp
       Lib:
         C:\Program Files (x86)\Microsoft Visual Studio 10.0\VC\bin\Lib.exe /OUT:"..\..\bin\Bullet3Common_vs2010_debug.lib" /NOLOGO /MACHINE:X86 obj\x32\Debug\Bullet3Common\b3AlignedAllocator.obj
         obj\x32\Debug\Bullet3Common\b3Logging.obj
         obj\x32\Debug\Bullet3Common\b3Vector3.obj
         Bullet3Common.vcxproj -> D:\bullet3-master\build3\vs2010\..\..\bin\Bullet3Common_vs2010_debug.lib
       FinalizeBuildStatus:
         Deleting file "obj\x32\Debug\Bullet3Common\Bullet3Common.unsuccessfulbuild".
         Touching "obj\x32\Debug\Bullet3Common\Bullet3Common.lastbuildstate".
     1>Done Building Project "D:\bullet3-master\build3\vs2010\Bullet3Common.vcxproj" (build target(s)).

Build succeeded.

Time Elapsed 00:00:01.10
