Build started 5/10/2015 6:19:34 PM.
     1>Project "D:\bullet3-master\build3\vs2010\OpenGL_Window.vcxproj" on node 2 (build target(s)).
     1>InitializeBuildStatus:
         Creating "obj\x32\Debug\OpenGL_Window\OpenGL_Window.unsuccessfulbuild" because "AlwaysCreate" was specified.
       ClCompile:
         All outputs are up-to-date.
         C:\Program Files (x86)\Microsoft Visual Studio 10.0\VC\bin\CL.exe /c /I..\..\examples\ThirdPartyLibs\Glew /I..\..\src /Zi /nologo /W3 /WX- /Od /Oy- /D _DEBUG=1 /D GLEW_STATIC /D _MBCS /Gm- /EHsc /RTC1 /MTd /GS /Gy /fp:fast /Zc:wchar_t /Zc:forScope /Fo"obj\x32\Debug\OpenGL_Window\\" /Fd"..\..\bin\OpenGL_Window_vs2010_debug.pdb" /Gd /TP /analyze- /errorReport:prompt ..\..\examples\OpenGLWindow\SimpleOpenGL2App.cpp ..\..\examples\OpenGLWindow\SimpleOpenGL3App.cpp /MP 
         SimpleOpenGL2App.cpp
         SimpleOpenGL3App.cpp
     1>d:\bullet3-master\examples\openglwindow\../CommonInterfaces/CommonGraphicsAppInterface.h(222): warning C4244: 'argument' : conversion from 'int' to 'const b3Scalar', possible loss of data
     1>d:\bullet3-master\examples\openglwindow\../CommonInterfaces/CommonGraphicsAppInterface.h(223): warning C4244: 'argument' : conversion from 'int' to 'const b3Scalar', possible loss of data
     1>d:\bullet3-master\examples\openglwindow\../CommonInterfaces/CommonGraphicsAppInterface.h(222): warning C4244: 'argument' : conversion from 'int' to 'const b3Scalar', possible loss of data
     1>d:\bullet3-master\examples\openglwindow\../CommonInterfaces/CommonGraphicsAppInterface.h(223): warning C4244: 'argument' : conversion from 'int' to 'const b3Scalar', possible loss of data
     1>..\..\examples\OpenGLWindow\SimpleOpenGL3App.cpp(713): warning C4996: 'sprintf': This function or variable may be unsafe. Consider using sprintf_s instead. To disable deprecation, use _CRT_SECURE_NO_WARNINGS. See online help for details.
                 C:\Program Files (x86)\Microsoft Visual Studio 10.0\VC\include\stdio.h(371) : see declaration of 'sprintf'
       Lib:
         C:\Program Files (x86)\Microsoft Visual Studio 10.0\VC\bin\Lib.exe /OUT:"..\..\bin\OpenGL_Window_vs2010_debug.lib" /NOLOGO /MACHINE:X86 obj\x32\Debug\OpenGL_Window\glew.obj
         obj\x32\Debug\OpenGL_Window\fontstash.obj
         obj\x32\Debug\OpenGL_Window\GLInstancingRenderer.obj
         obj\x32\Debug\OpenGL_Window\GLPrimitiveRenderer.obj
         obj\x32\Debug\OpenGL_Window\GLRenderToTexture.obj
         obj\x32\Debug\OpenGL_Window\LoadShader.obj
         obj\x32\Debug\OpenGL_Window\opengl_fontstashcallbacks.obj
         obj\x32\Debug\OpenGL_Window\OpenSans.obj
         obj\x32\Debug\OpenGL_Window\SimpleCamera.obj
         obj\x32\Debug\OpenGL_Window\SimpleOpenGL2App.obj
         obj\x32\Debug\OpenGL_Window\SimpleOpenGL2Renderer.obj
         obj\x32\Debug\OpenGL_Window\SimpleOpenGL3App.obj
         obj\x32\Debug\OpenGL_Window\TwFonts.obj
         obj\x32\Debug\OpenGL_Window\Win32OpenGLWindow.obj
         obj\x32\Debug\OpenGL_Window\Win32Window.obj
         OpenGL_Window.vcxproj -> D:\bullet3-master\build3\vs2010\..\..\bin\OpenGL_Window_vs2010_debug.lib
       FinalizeBuildStatus:
         Deleting file "obj\x32\Debug\OpenGL_Window\OpenGL_Window.unsuccessfulbuild".
         Touching "obj\x32\Debug\OpenGL_Window\OpenGL_Window.lastbuildstate".
     1>Done Building Project "D:\bullet3-master\build3\vs2010\OpenGL_Window.vcxproj" (build target(s)).

Build succeeded.

Time Elapsed 00:00:00.29
