Build started 6/28/2015 5:07:34 PM.
     1>Project "C:\Users\Val\Documents\GitHub\bullet3Experiments\build3\vs2010\Bullet2FileLoader.vcxproj" on node 6 (build target(s)).
     1>InitializeBuildStatus:
         Creating "obj\x32\Release\Bullet2FileLoader\Bullet2FileLoader.unsuccessfulbuild" because "AlwaysCreate" was specified.
       ClCompile:
         C:\Program Files (x86)\Microsoft Visual Studio 10.0\VC\bin\CL.exe /c /I..\..\src /nologo /W3 /WX- /Ox /Oy- /GF /Gm- /EHsc /MT /GS /Gy /arch:SSE2 /fp:fast /Zc:wchar_t /Zc:forScope /Fo"obj\x32\Release\Bullet2FileLoader\\" /Fd"obj\x32\Release\Bullet2FileLoader\vc100.pdb" /Gd /TP /analyze- /errorReport:prompt ..\..\src\Bullet3Serialize\Bullet2FileLoader\b3BulletFile.cpp ..\..\src\Bullet3Serialize\Bullet2FileLoader\b3Chunk.cpp ..\..\src\Bullet3Serialize\Bullet2FileLoader\b3DNA.cpp ..\..\src\Bullet3Serialize\Bullet2FileLoader\b3File.cpp ..\..\src\Bullet3Serialize\Bullet2FileLoader\b3Serializer.cpp /MP 
         b3BulletFile.cpp
         b3Chunk.cpp
         b3DNA.cpp
         b3File.cpp
         b3Serializer.cpp
     1>..\..\src\Bullet3Serialize\Bullet2FileLoader\b3BulletFile.cpp(359): warning C4996: 'fopen': This function or variable may be unsafe. Consider using fopen_s instead. To disable deprecation, use _CRT_SECURE_NO_WARNINGS. See online help for details.
                 C:\Program Files (x86)\Microsoft Visual Studio 10.0\VC\include\stdio.h(234) : see declaration of 'fopen'
     1>..\..\src\Bullet3Serialize\Bullet2FileLoader\b3File.cpp(69): warning C4996: 'fopen': This function or variable may be unsafe. Consider using fopen_s instead. To disable deprecation, use _CRT_SECURE_NO_WARNINGS. See online help for details.
                 C:\Program Files (x86)\Microsoft Visual Studio 10.0\VC\include\stdio.h(234) : see declaration of 'fopen'
     1>..\..\src\Bullet3Serialize\Bullet2FileLoader\b3File.cpp(553): warning C4996: 'fopen': This function or variable may be unsafe. Consider using fopen_s instead. To disable deprecation, use _CRT_SECURE_NO_WARNINGS. See online help for details.
                 C:\Program Files (x86)\Microsoft Visual Studio 10.0\VC\include\stdio.h(234) : see declaration of 'fopen'
       Lib:
         C:\Program Files (x86)\Microsoft Visual Studio 10.0\VC\bin\Lib.exe /OUT:"..\..\lib\Bullet2FileLoader_vs2010.lib" /NOLOGO /MACHINE:X86 obj\x32\Release\Bullet2FileLoader\b3BulletFile.obj
         obj\x32\Release\Bullet2FileLoader\b3Chunk.obj
         obj\x32\Release\Bullet2FileLoader\b3DNA.obj
         obj\x32\Release\Bullet2FileLoader\b3File.obj
         obj\x32\Release\Bullet2FileLoader\b3Serializer.obj
         Bullet2FileLoader.vcxproj -> C:\Users\Val\Documents\GitHub\bullet3Experiments\build3\vs2010\..\..\lib\Bullet2FileLoader_vs2010.lib
       FinalizeBuildStatus:
         Deleting file "obj\x32\Release\Bullet2FileLoader\Bullet2FileLoader.unsuccessfulbuild".
         Touching "obj\x32\Release\Bullet2FileLoader\Bullet2FileLoader.lastbuildstate".
     1>Done Building Project "C:\Users\Val\Documents\GitHub\bullet3Experiments\build3\vs2010\Bullet2FileLoader.vcxproj" (build target(s)).

Build succeeded.

Time Elapsed 00:00:00.84
